* About to connect() to twitter.com port 80 (#0)
*   Trying 199.59.149.198...   % Total    % Received % Xferd  Average Speed   Time    Time     Time  Current
                                 Dload  Upload   Total   Spent    Left  Speed
  0     0    0     0    0     0      0      0 --:--:-- --:--:-- --:--:--     0connected
* Connected to twitter.com (199.59.149.198) port 80 (#0)
> GET /.well-known/host-meta HTTP/1.1
> User-Agent: curl/7.21.7 (x86_64-pc-linux-gnu) libcurl/7.21.7 OpenSSL/1.0.0e zlib/1.2.3.4 libidn/1.22 libssh2/1.2.8 librtmp/2.3
> Host: twitter.com
> Accept: */*
> 
< HTTP/1.1 200 OK
< Date: Fri, 25 Nov 2011 10:46:55 GMT
< Status: 200 OK
< Last-Modified: Tue, 15 Nov 2011 18:28:23 GMT
< Content-Type: text/plain; charset=UTF-8
< Content-Length: 326
< Set-Cookie: k=10.35.40.138.1322218015095118; path=/; expires=Fri, 02-Dec-11 10:46:55 GMT; domain=.twitter.com
< Cache-Control: max-age=86400
< Expires: Sat, 26 Nov 2011 10:46:55 GMT
< X-XSS-Protection: 1; mode=block
< Vary: Accept-Encoding
< Server: tfe
< 
{ [data not shown]
100   326  100   326    0     0    823      0 --:--:-- --:--:-- --:--:--  1715
* Connection #0 to host twitter.com left intact
* Closing connection #0
