* About to connect() to xing.com port 80 (#0)
*   Trying 109.233.153.1...   % Total    % Received % Xferd  Average Speed   Time    Time     Time  Current
                                 Dload  Upload   Total   Spent    Left  Speed
  0     0    0     0    0     0      0      0 --:--:-- --:--:-- --:--:--     0connected
* Connected to xing.com (109.233.153.1) port 80 (#0)
> GET /.well-known/host-meta HTTP/1.1
> User-Agent: curl/7.21.7 (x86_64-pc-linux-gnu) libcurl/7.21.7 OpenSSL/1.0.0e zlib/1.2.3.4 libidn/1.22 libssh2/1.2.8 librtmp/2.3
> Host: xing.com
> Accept: */*
> 
* HTTP 1.0, assume close after body
< HTTP/1.0 301 Moved Permanently
< Location: http://www.xing.com/.well-known/host-meta
< Server: BigIP
* HTTP/1.0 connection set to keep alive!
< Connection: Keep-Alive
< Content-Length: 0
< 
  0     0    0     0    0     0      0      0 --:--:-- --:--:-- --:--:--     0
* Connection #0 to host xing.com left intact
* Issue another request to this URL: 'http://www.xing.com/.well-known/host-meta'
* About to connect() to www.xing.com port 80 (#1)
*   Trying 2.20.17.135... connected
* Connected to www.xing.com (2.20.17.135) port 80 (#1)
> GET /.well-known/host-meta HTTP/1.0
> User-Agent: curl/7.21.7 (x86_64-pc-linux-gnu) libcurl/7.21.7 OpenSSL/1.0.0e zlib/1.2.3.4 libidn/1.22 libssh2/1.2.8 librtmp/2.3
> Host: www.xing.com
> Accept: */*
> 
* HTTP 1.0, assume close after body
< HTTP/1.0 200 OK
< Server: Apache
< Last-Modified: Tue, 25 Oct 2011 11:08:46 GMT
< X-Cnection: close
< Content-Type: text/plain; charset=UTF-8
< X-UA-Compatible: IE=edge
< X-XSS-Protection: 1; mode=block
< Date: Fri, 25 Nov 2011 10:47:15 GMT
< Content-Length: 340
< Connection: close
< 
{ [data not shown]
100   340  100   340    0     0   2289      0 --:--:-- --:--:-- --:--:--  2289100   340  100   340    0     0   2289      0 --:--:-- --:--:-- --:--:--     0
* Closing connection #1
* Closing connection #0
