* About to connect() to yahoo.com port 80 (#0)
*   Trying 72.30.2.43...   % Total    % Received % Xferd  Average Speed   Time    Time     Time  Current
                                 Dload  Upload   Total   Spent    Left  Speed
  0     0    0     0    0     0      0      0 --:--:-- --:--:-- --:--:--     0connected
* Connected to yahoo.com (72.30.2.43) port 80 (#0)
> GET /.well-known/host-meta HTTP/1.1
> User-Agent: curl/7.21.7 (x86_64-pc-linux-gnu) libcurl/7.21.7 OpenSSL/1.0.0e zlib/1.2.3.4 libidn/1.22 libssh2/1.2.8 librtmp/2.3
> Host: yahoo.com
> Accept: */*
> 
< HTTP/1.1 301 Moved Permanently
< Date: Fri, 25 Nov 2011 10:46:54 GMT
< Location: http://www.yahoo.com/.well-known/host-meta
< Vary: Accept-Encoding
< Content-Type: text/html; charset=utf-8
< Cache-Control: private
< X-Pad: avoid browser bug
< Age: 0
< Transfer-Encoding: chunked
< Connection: keep-alive
< Server: YTS/1.20.0
< 
* Ignoring the response-body
{ [data not shown]
100   169    0   169    0     0    429      0 --:--:-- --:--:-- --:--:--   918
* Connection #0 to host yahoo.com left intact
* Issue another request to this URL: 'http://www.yahoo.com/.well-known/host-meta'
* About to connect() to www.yahoo.com port 80 (#1)
*   Trying 87.248.112.181... connected
* Connected to www.yahoo.com (87.248.112.181) port 80 (#1)
> GET /.well-known/host-meta HTTP/1.1
> User-Agent: curl/7.21.7 (x86_64-pc-linux-gnu) libcurl/7.21.7 OpenSSL/1.0.0e zlib/1.2.3.4 libidn/1.22 libssh2/1.2.8 librtmp/2.3
> Host: www.yahoo.com
> Accept: */*
> 
< HTTP/1.1 200 OK
< Date: Fri, 25 Nov 2011 10:46:54 GMT
< P3P: policyref="http://info.yahoo.com/w3c/p3p.xml", CP="CAO DSP COR CUR ADM DEV TAI PSA PSD IVAi IVDi CONi TELo OTPi OUR DELi SAMi OTRi UNRi PUBi IND PHY ONL UNI PUR FIN COM NAV INT DEM CNT STA POL HEA PRE LOC GOV"
< Cache-Control: private
< Last-Modified: Tue, 20 Sep 2011 16:43:44 GMT
< Accept-Ranges: bytes
< Content-Type: text/plain; charset=utf-8
< Age: 0
< Transfer-Encoding: chunked
< Connection: keep-alive
< Server: YTS/1.20.0
< 
{ [data not shown]
100   998    0   998    0     0   1696      0 --:--:-- --:--:-- --:--:--  1696
* Connection #1 to host www.yahoo.com left intact
* Closing connection #0
* Closing connection #1
